# JRE version: OpenJDK Runtime Environment (8.0_76-b03) (build 1.8.0_76-release-b03)
# Java VM: OpenJDK 64-Bit Server VM (25.76-b03 mixed mode windows-amd64 compressed oops)
Heap:
 PSYoungGen      total 421888K, used 10270K [0x00000000e0000000, 0x00000000ffb00000, 0x0000000100000000)
  eden space 414720K, 2% used [0x00000000e0000000,0x00000000e0a07bb8,0x00000000f9500000)
  from space 7168K, 0% used [0x00000000f9500000,0x00000000f9500000,0x00000000f9c00000)
  to   space 52224K, 0% used [0x00000000fc800000,0x00000000fc800000,0x00000000ffb00000)
 ParOldGen       total 160256K, used 42811K [0x00000000a0000000, 0x00000000a9c80000, 0x00000000e0000000)
  object space 160256K, 26% used [0x00000000a0000000,0x00000000a29cec70,0x00000000a9c80000)
 Metaspace       used 72147K, capacity 74936K, committed 75392K, reserved 1116160K
  class space    used 8988K, capacity 9467K, committed 9600K, reserved 1048576K
GC Heap History (10 events):
Event: 564.868 GC heap before
{Heap before GC invocations=27 (full 6):
 PSYoungGen      total 468480K, used 1416K [0x00000000e0000000, 0x0000000100000000, 0x0000000100000000)
  eden space 412672K, 0% used [0x00000000e0000000,0x00000000e0000000,0x00000000f9300000)
  from space 55808K, 2% used [0x00000000f9300000,0x00000000f9462220,0x00000000fc980000)
  to   space 55296K, 0% used [0x00000000fca00000,0x00000000fca00000,0x0000000100000000)
 ParOldGen       total 160256K, used 36383K [0x00000000a0000000, 0x00000000a9c80000, 0x00000000e0000000)
  object space 160256K, 22% used [0x00000000a0000000,0x00000000a2387e20,0x00000000a9c80000)
 Metaspace       used 67970K, capacity 70442K, committed 70656K, reserved 1112064K
  class space    used 8484K, capacity 8926K, committed 8960K, reserved 1048576K
Event: 565.085 GC heap after
Heap after GC invocations=27 (full 6):
 PSYoungGen      total 468480K, used 0K [0x00000000e0000000, 0x0000000100000000, 0x0000000100000000)
  eden space 412672K, 0% used [0x00000000e0000000,0x00000000e0000000,0x00000000f9300000)
  from space 55808K, 0% used [0x00000000f9300000,0x00000000f9300000,0x00000000fc980000)
  to   space 55296K, 0% used [0x00000000fca00000,0x00000000fca00000,0x0000000100000000)
 ParOldGen       total 160256K, used 36499K [0x00000000a0000000, 0x00000000a9c80000, 0x00000000e0000000)
  object space 160256K, 22% used [0x00000000a0000000,0x00000000a23a4fa0,0x00000000a9c80000)
 Metaspace       used 67970K, capacity 70442K, committed 70656K, reserved 1112064K
  class space    used 8484K, capacity 8926K, committed 8960K, reserved 1048576K
}
Event: 703.753 GC heap before
{Heap before GC invocations=28 (full 6):
 PSYoungGen      total 468480K, used 215360K [0x00000000e0000000, 0x0000000100000000, 0x0000000100000000)
  eden space 412672K, 52% used [0x00000000e0000000,0x00000000ed2500b0,0x00000000f9300000)
  from space 55808K, 0% used [0x00000000f9300000,0x00000000f9300000,0x00000000fc980000)
  to   space 55296K, 0% used [0x00000000fca00000,0x00000000fca00000,0x0000000100000000)
 ParOldGen       total 160256K, used 36499K [0x00000000a0000000, 0x00000000a9c80000, 0x00000000e0000000)
  object space 160256K, 22% used [0x00000000a0000000,0x00000000a23a4fa0,0x00000000a9c80000)
 Metaspace       used 68127K, capacity 70666K, committed 70912K, reserved 1112064K
  class space    used 8494K, capacity 8934K, committed 8960K, reserved 1048576K
Event: 703.756 GC heap after
Heap after GC invocations=28 (full 6):
 PSYoungGen      total 470016K, used 1696K [0x00000000e0000000, 0x0000000100000000, 0x0000000100000000)
  eden space 414720K, 0% used [0x00000000e0000000,0x00000000e0000000,0x00000000f9500000)
  from space 55296K, 3% used [0x00000000fca00000,0x00000000fcba8020,0x0000000100000000)
  to   space 54272K, 0% used [0x00000000f9500000,0x00000000f9500000,0x00000000fca00000)
 ParOldGen       total 160256K, used 36507K [0x00000000a0000000, 0x00000000a9c80000, 0x00000000e0000000)
  object space 160256K, 22% used [0x00000000a0000000,0x00000000a23a6fa0,0x00000000a9c80000)
 Metaspace       used 68127K, capacity 70666K, committed 70912K, reserved 1112064K
  class space    used 8494K, capacity 8934K, committed 8960K, reserved 1048576K
}
Event: 703.756 GC heap before
{Heap before GC invocations=29 (full 7):
 PSYoungGen      total 470016K, used 1696K [0x00000000e0000000, 0x0000000100000000, 0x0000000100000000)
  eden space 414720K, 0% used [0x00000000e0000000,0x00000000e0000000,0x00000000f9500000)
  from space 55296K, 3% used [0x00000000fca00000,0x00000000fcba8020,0x0000000100000000)
  to   space 54272K, 0% used [0x00000000f9500000,0x00000000f9500000,0x00000000fca00000)
 ParOldGen       total 160256K, used 36507K [0x00000000a0000000, 0x00000000a9c80000, 0x00000000e0000000)
  object space 160256K, 22% used [0x00000000a0000000,0x00000000a23a6fa0,0x00000000a9c80000)
 Metaspace       used 68127K, capacity 70666K, committed 70912K, reserved 1112064K
  class space    used 8494K, capacity 8934K, committed 8960K, reserved 1048576K
Event: 703.926 GC heap after
Heap after GC invocations=29 (full 7):
 PSYoungGen      total 470016K, used 0K [0x00000000e0000000, 0x0000000100000000, 0x0000000100000000)
  eden space 414720K, 0% used [0x00000000e0000000,0x00000000e0000000,0x00000000f9500000)
  from space 55296K, 0% used [0x00000000fca00000,0x00000000fca00000,0x0000000100000000)
  to   space 54272K, 0% used [0x00000000f9500000,0x00000000f9500000,0x00000000fca00000)
 ParOldGen       total 160256K, used 37311K [0x00000000a0000000, 0x00000000a9c80000, 0x00000000e0000000)
  object space 160256K, 23% used [0x00000000a0000000,0x00000000a246fcc0,0x00000000a9c80000)
 Metaspace       used 68127K, capacity 70666K, committed 70912K, reserved 1112064K
  class space    used 8494K, capacity 8934K, committed 8960K, reserved 1048576K
}
Event: 1031.327 GC heap before
{Heap before GC invocations=30 (full 7):
 PSYoungGen      total 470016K, used 110411K [0x00000000e0000000, 0x0000000100000000, 0x0000000100000000)
  eden space 414720K, 26% used [0x00000000e0000000,0x00000000e6bd2c60,0x00000000f9500000)
  from space 55296K, 0% used [0x00000000fca00000,0x00000000fca00000,0x0000000100000000)
  to   space 54272K, 0% used [0x00000000f9500000,0x00000000f9500000,0x00000000fca00000)
 ParOldGen       total 160256K, used 37311K [0x00000000a0000000, 0x00000000a9c80000, 0x00000000e0000000)
  object space 160256K, 23% used [0x00000000a0000000,0x00000000a246fcc0,0x00000000a9c80000)
 Metaspace       used 71557K, capacity 74314K, committed 74496K, reserved 1118208K
  class space    used 8895K, capacity 9346K, committed 9472K, reserved 1048576K
Event: 1031.334 GC heap after
Heap after GC invocations=30 (full 7):
 PSYoungGen      total 421888K, used 6811K [0x00000000e0000000, 0x00000000ffb00000, 0x0000000100000000)
  eden space 414720K, 0% used [0x00000000e0000000,0x00000000e0000000,0x00000000f9500000)
  from space 7168K, 95% used [0x00000000f9500000,0x00000000f9ba6e28,0x00000000f9c00000)
  to   space 52224K, 0% used [0x00000000fc800000,0x00000000fc800000,0x00000000ffb00000)
 ParOldGen       total 160256K, used 37319K [0x00000000a0000000, 0x00000000a9c80000, 0x00000000e0000000)
  object space 160256K, 23% used [0x00000000a0000000,0x00000000a2471cc0,0x00000000a9c80000)
 Metaspace       used 71557K, capacity 74314K, committed 74496K, reserved 1118208K
  class space    used 8895K, capacity 9346K, committed 9472K, reserved 1048576K
}
Event: 1031.334 GC heap before
{Heap before GC invocations=31 (full 8):
 PSYoungGen      total 421888K, used 6811K [0x00000000e0000000, 0x00000000ffb00000, 0x0000000100000000)
  eden space 414720K, 0% used [0x00000000e0000000,0x00000000e0000000,0x00000000f9500000)
  from space 7168K, 95% used [0x00000000f9500000,0x00000000f9ba6e28,0x00000000f9c00000)
  to   space 52224K, 0% used [0x00000000fc800000,0x00000000fc800000,0x00000000ffb00000)
 ParOldGen       total 160256K, used 37319K [0x00000000a0000000, 0x00000000a9c80000, 0x00000000e0000000)
  object space 160256K, 23% used [0x00000000a0000000,0x00000000a2471cc0,0x00000000a9c80000)
 Metaspace       used 71557K, capacity 74314K, committed 74496K, reserved 1118208K
  class space    used 8895K, capacity 9346K, committed 9472K, reserved 1048576K
Event: 1031.423 GC heap after
Heap after GC invocations=31 (full 8):
 PSYoungGen      total 421888K, used 0K [0x00000000e0000000, 0x00000000ffb00000, 0x0000000100000000)
  eden space 414720K, 0% used [0x00000000e0000000,0x00000000e0000000,0x00000000f9500000)
  from space 7168K, 0% used [0x00000000f9500000,0x00000000f9500000,0x00000000f9c00000)
  to   space 52224K, 0% used [0x00000000fc800000,0x00000000fc800000,0x00000000ffb00000)
 ParOldGen       total 160256K, used 42811K [0x00000000a0000000, 0x00000000a9c80000, 0x00000000e0000000)
  object space 160256K, 26% used [0x00000000a0000000,0x00000000a29cec70,0x00000000a9c80000)
 Metaspace       used 71530K, capacity 74226K, committed 74496K, reserved 1116160K
  class space    used 8887K, capacity 9338K, committed 9472K, reserved 1048576K
}

